0 info it worked if it ends with ok
1 verbose cli [ 'F:\\Program Files\\nodejs\\\\node.exe',
1 verbose cli   'F:\\Program Files\\nodejs\\node_modules\\npm\\bin\\npm-cli.js',
1 verbose cli   'adduser' ]
2 info using npm@1.3.8
3 info using node@v0.10.18
4 verbose node symlink F:\Program Files\nodejs\\node.exe
5 verbose adduser before first PUT { name: 'yangsibai',
5 verbose adduser   salt: 'XXXXX',
5 verbose adduser   password_sha: 'XXXXX',
5 verbose adduser   email: 'yangsibai@gmail.com',
5 verbose adduser   _id: 'org.couchdb.user:yangsibai',
5 verbose adduser   type: 'user',
5 verbose adduser   roles: [],
5 verbose adduser   date: '2014-04-21T14:24:51.448Z' }
6 verbose url raw /-/user/org.couchdb.user:yangsibai
7 verbose url resolving [ 'https://registry.npmjs.org/',
7 verbose url resolving   './-/user/org.couchdb.user:yangsibai' ]
8 verbose url resolved https://registry.npmjs.org/-/user/org.couchdb.user:yangsibai
9 info trying registry request attempt 1 at 22:24:51
10 http PUT https://registry.npmjs.org/-/user/org.couchdb.user:yangsibai
11 http 409 https://registry.npmjs.org/-/user/org.couchdb.user:yangsibai
12 verbose adduser update existing user
13 verbose url raw /-/user/org.couchdb.user:yangsibai
14 verbose url resolving [ 'https://registry.npmjs.org/',
14 verbose url resolving   './-/user/org.couchdb.user:yangsibai' ]
15 verbose url resolved https://registry.npmjs.org/-/user/org.couchdb.user:yangsibai
16 info trying registry request attempt 1 at 22:24:54
17 http GET https://registry.npmjs.org/-/user/org.couchdb.user:yangsibai
18 http 200 https://registry.npmjs.org/-/user/org.couchdb.user:yangsibai
19 verbose adduser userobj { name: 'yangsibai',
19 verbose adduser   salt: 'XXXXX',
19 verbose adduser   password_sha: 'XXXXX',
19 verbose adduser   email: 'yangsibai@gmail.com',
19 verbose adduser   _id: 'org.couchdb.user:yangsibai',
19 verbose adduser   type: 'user',
19 verbose adduser   roles: [],
19 verbose adduser   date: '2014-04-21T14:24:51.448Z' }
20 verbose url raw /-/user/org.couchdb.user:yangsibai/-rev/2-5ab110e132f985382cfdb4cb99137f95
21 verbose url resolving [ 'https://registry.npmjs.org/',
21 verbose url resolving   './-/user/org.couchdb.user:yangsibai/-rev/2-5ab110e132f985382cfdb4cb99137f95' ]
22 verbose url resolved https://registry.npmjs.org/-/user/org.couchdb.user:yangsibai/-rev/2-5ab110e132f985382cfdb4cb99137f95
23 info trying registry request attempt 1 at 22:24:56
24 http PUT https://registry.npmjs.org/-/user/org.couchdb.user:yangsibai/-rev/2-5ab110e132f985382cfdb4cb99137f95
25 http 403 https://registry.npmjs.org/-/user/org.couchdb.user:yangsibai/-rev/2-5ab110e132f985382cfdb4cb99137f95
26 verbose adduser back [ [Error: forbidden may not mix password_sha and pbkdf2
26 verbose adduser   You may need to upgrade your version of npm:
26 verbose adduser     npm install npm -g
26 verbose adduser   Note that this may need to be run as root/admin (sudo, etc.)
26 verbose adduser
26 verbose adduser   : -/user/org.couchdb.user:yangsibai/-rev/2-5ab110e132f985382cfdb4cb99137f95],
26 verbose adduser   { error: 'forbidden',
26 verbose adduser     reason: 'may not mix password_sha and pbkdf2\nYou may need to upgrade your version of npm:\n  npm install npm -g\nNote that this may need to be run as root/admin (sudo, etc.)\n\n' },
26 verbose adduser   '{"error":"forbidden","reason":"may not mix password_sha and pbkdf2\\nYou may need to upgrade your version of npm:\\n  npm install npm -g\\nNote that this may need to be run as root/admin (sudo, etc.)\\n\\n"}' ]
27 warn adduser Incorrect username or password
27 warn adduser You can reset your account by visiting:
27 warn adduser
27 warn adduser     http://admin.npmjs.org/reset
28 error Error: forbidden may not mix password_sha and pbkdf2
28 error You may need to upgrade your version of npm:
28 error   npm install npm -g
28 error Note that this may need to be run as root/admin (sudo, etc.)
28 error
28 error : -/user/org.couchdb.user:yangsibai/-rev/2-5ab110e132f985382cfdb4cb99137f95
28 error     at RegClient.<anonymous> (F:\Program Files\nodejs\node_modules\npm\node_modules\npm-registry-client\lib\request.js:272:14)
28 error     at Request.self.callback (F:\Program Files\nodejs\node_modules\npm\node_modules\request\index.js:148:22)
28 error     at Request.EventEmitter.emit (events.js:98:17)
28 error     at Request.<anonymous> (F:\Program Files\nodejs\node_modules\npm\node_modules\request\index.js:891:14)
28 error     at Request.EventEmitter.emit (events.js:117:20)
28 error     at IncomingMessage.<anonymous> (F:\Program Files\nodejs\node_modules\npm\node_modules\request\index.js:842:12)
28 error     at IncomingMessage.EventEmitter.emit (events.js:117:20)
28 error     at _stream_readable.js:920:16
28 error     at process._tickCallback (node.js:415:13)
29 error If you need help, you may report this log at:
29 error     <http://github.com/isaacs/npm/issues>
29 error or email it to:
29 error     <npm-@googlegroups.com>
30 error System Windows_NT 6.1.7601
31 error command "F:\\Program Files\\nodejs\\\\node.exe" "F:\\Program Files\\nodejs\\node_modules\\npm\\bin\\npm-cli.js" "adduser"
32 error cwd E:\SkyDrive\Git For Windows\express-mvc
33 error node -v v0.10.18
34 error npm -v 1.3.8
35 verbose exit [ 1, true ]
